This file contains any messages produced by compilers while
running configure, to aid debugging if configure makes a mistake.

It was created by zbar configure 0.10, which was
generated by GNU Autoconf 2.63.  Invocation command line was

  $ ./configure --prefix=/home/firefly/mylibs --host=arm-linux --enable-shared --enable-static -build=arm

## --------- ##
## Platform. ##
## --------- ##

hostname = firefly
uname -m = aarch64
uname -r = 4.4.77
uname -s = Linux
uname -v = #554 SMP Thu Nov 30 11:30:11 HKT 2017

/usr/bin/uname -p = unknown
/bin/uname -X     = unknown

/bin/arch              = unknown
/usr/bin/arch -k       = unknown
/usr/convex/getsysinfo = unknown
/usr/bin/hostinfo      = unknown
/bin/machine           = unknown
/usr/bin/oslevel       = unknown
/bin/universe          = unknown

PATH: /home/firefly/bin
PATH: /home/firefly/.local/bin
PATH: /usr/local/sbin
PATH: /usr/local/bin
PATH: /usr/sbin
PATH: /usr/bin
PATH: /sbin
PATH: /bin
PATH: /usr/games
PATH: /usr/local/games
PATH: /snap/bin


## ----------- ##
## Core tests. ##
## ----------- ##

configure:2260: checking for a BSD-compatible install
configure:2328: result: /usr/bin/install -c
configure:2339: checking whether build environment is sane
configure:2382: result: yes
configure:2407: checking for a thread-safe mkdir -p
configure:2446: result: /bin/mkdir -p
configure:2459: checking for gawk
configure:2489: result: no
configure:2459: checking for mawk
configure:2475: found /usr/bin/mawk
configure:2486: result: mawk
configure:2497: checking whether make sets $(MAKE)
configure:2519: result: yes
configure:2599: checking for arm-linux-strip
configure:2629: result: no
configure:2639: checking for strip
configure:2655: found /usr/bin/strip
configure:2666: result: strip
configure:2678: WARNING: using cross tools not prefixed with host triplet
configure:2738: checking build system type
configure:2756: result: arm-unknown-none
configure:2778: checking host system type
configure:2793: result: arm-unknown-linux-gnu
configure:2827: checking for style of include used by make
configure:2855: result: GNU
configure:2885: checking for arm-linux-gcc
configure:2915: result: no
configure:2925: checking for gcc
configure:2941: found /usr/bin/gcc
configure:2952: result: gcc
configure:3184: checking for C compiler version
configure:3192: gcc --version >&5
gcc (Ubuntu/Linaro 5.4.0-6ubuntu1~16.04.10) 5.4.0 20160609
Copyright (C) 2015 Free Software Foundation, Inc.
This is free software; see the source for copying conditions.  There is NO
warranty; not even for MERCHANTABILITY or FITNESS FOR A PARTICULAR PURPOSE.

configure:3196: $? = 0
configure:3203: gcc -v >&5
Using built-in specs.
COLLECT_GCC=gcc
COLLECT_LTO_WRAPPER=/usr/lib/gcc/aarch64-linux-gnu/5/lto-wrapper
Target: aarch64-linux-gnu
Configured with: ../src/configure -v --with-pkgversion='Ubuntu/Linaro 5.4.0-6ubuntu1~16.04.10' --with-bugurl=file:///usr/share/doc/gcc-5/README.Bugs --enable-languages=c,ada,c++,java,go,d,fortran,objc,obj-c++ --prefix=/usr --program-suffix=-5 --enable-shared --enable-linker-build-id --libexecdir=/usr/lib --without-included-gettext --enable-threads=posix --libdir=/usr/lib --enable-nls --with-sysroot=/ --enable-clocale=gnu --enable-libstdcxx-debug --enable-libstdcxx-time=yes --with-default-libstdcxx-abi=new --enable-gnu-unique-object --disable-libquadmath --enable-plugin --with-system-zlib --disable-browser-plugin --enable-java-awt=gtk --enable-gtk-cairo --with-java-home=/usr/lib/jvm/java-1.5.0-gcj-5-arm64/jre --enable-java-home --with-jvm-root-dir=/usr/lib/jvm/java-1.5.0-gcj-5-arm64 --with-jvm-jar-dir=/usr/lib/jvm-exports/java-1.5.0-gcj-5-arm64 --with-arch-directory=aarch64 --with-ecj-jar=/usr/share/java/eclipse-ecj.jar --enable-multiarch --enable-fix-cortex-a53-843419 --disable-werror --enable-checking=release --build=aarch64-linux-gnu --host=aarch64-linux-gnu --target=aarch64-linux-gnu
Thread model: posix
gcc version 5.4.0 20160609 (Ubuntu/Linaro 5.4.0-6ubuntu1~16.04.10) 
configure:3207: $? = 0
configure:3214: gcc -V >&5
gcc: error: unrecognized command line option '-V'
gcc: fatal error: no input files
compilation terminated.
configure:3218: $? = 1
configure:3241: checking for C compiler default output file name
configure:3263: gcc    conftest.c  >&5
configure:3267: $? = 0
configure:3305: result: a.out
configure:3324: checking whether the C compiler works
configure:3357: result: yes
configure:3364: checking whether we are cross compiling
configure:3366: result: yes
configure:3369: checking for suffix of executables
configure:3376: gcc -o conftest    conftest.c  >&5
configure:3380: $? = 0
configure:3406: result: 
configure:3412: checking for suffix of object files
configure:3438: gcc -c   conftest.c >&5
configure:3442: $? = 0
configure:3467: result: o
configure:3471: checking whether we are using the GNU C compiler
configure:3500: gcc -c   conftest.c >&5
configure:3507: $? = 0
configure:3524: result: yes
configure:3533: checking whether gcc accepts -g
configure:3563: gcc -c -g  conftest.c >&5
configure:3570: $? = 0
configure:3671: result: yes
configure:3688: checking for gcc option to accept ISO C89
configure:3762: gcc  -c   conftest.c >&5
configure:3769: $? = 0
configure:3792: result: none needed
configure:3812: checking dependency style of gcc
configure:3903: result: gcc3
configure:3918: checking for a sed that does not truncate output
configure:3984: result: /bin/sed
configure:4002: checking for grep that handles long lines and -e
configure:4062: result: /bin/grep
configure:4067: checking for egrep
configure:4131: result: /bin/grep -E
configure:4136: checking for fgrep
configure:4200: result: /bin/grep -F
configure:4235: checking for ld used by gcc
configure:4302: result: /usr/bin/ld
configure:4311: checking if the linker (/usr/bin/ld) is GNU ld
configure:4326: result: yes
configure:4338: checking for BSD- or MS-compatible name lister (nm)
configure:4387: result: nm
configure:4505: checking the name lister (nm) interface
configure:4512: gcc -c   conftest.c >&5
configure:4515: nm "conftest.o"
configure:4518: output
0000000000000000 B some_variable
configure:4525: result: BSD nm
configure:4528: checking whether ln -s works
configure:4532: result: yes
configure:4540: checking the maximum length of command line arguments
configure:4660: result: 1572864
configure:4677: checking whether the shell understands some XSI constructs
configure:4687: result: yes
configure:4691: checking whether the shell understands "+="
configure:4697: result: yes
configure:4732: checking for /usr/bin/ld option to reload object files
configure:4739: result: -r
configure:4768: checking for arm-linux-objdump
configure:4798: result: no
configure:4808: checking for objdump
configure:4824: found /usr/bin/objdump
configure:4835: result: objdump
configure:4864: checking how to recognize dependent libraries
configure:5060: result: pass_all
configure:5080: checking for arm-linux-ar
configure:5110: result: no
configure:5120: checking for ar
configure:5136: found /usr/bin/ar
configure:5147: result: ar
configure:5185: checking for arm-linux-strip
configure:5212: result: strip
configure:5284: checking for arm-linux-ranlib
configure:5314: result: no
configure:5324: checking for ranlib
configure:5340: found /usr/bin/ranlib
configure:5351: result: ranlib
configure:5441: checking command to parse nm output from gcc object
configure:5559: gcc -c   conftest.c >&5
configure:5562: $? = 0
configure:5566: nm conftest.o \| sed -n -e 's/^.*[	 ]\([ABCDGIRSTW][ABCDGIRSTW]*\)[	 ][	 ]*\([_A-Za-z][_A-Za-z0-9]*\)$/\1 \2 \2/p' \> conftest.nm
configure:5569: $? = 0
configure:5623: gcc -o conftest    conftest.c conftstm.o >&5
configure:5626: $? = 0
configure:5664: result: ok
configure:6531: checking how to run the C preprocessor
configure:6571: gcc -E  conftest.c
configure:6578: $? = 0
configure:6609: gcc -E  conftest.c
conftest.c:10:28: fatal error: ac_nonexistent.h: No such file or directory
compilation terminated.
configure:6616: $? = 1
configure: failed program was:
| /* confdefs.h.  */
| #define PACKAGE_NAME "zbar"
| #define PACKAGE_TARNAME "zbar"
| #define PACKAGE_VERSION "0.10"
| #define PACKAGE_STRING "zbar 0.10"
| #define PACKAGE_BUGREPORT "spadix@users.sourceforge.net"
| #define PACKAGE "zbar"
| #define VERSION "0.10"
| /* end confdefs.h.  */
| #include <ac_nonexistent.h>
configure:6649: result: gcc -E
configure:6678: gcc -E  conftest.c
configure:6685: $? = 0
configure:6716: gcc -E  conftest.c
conftest.c:10:28: fatal error: ac_nonexistent.h: No such file or directory
compilation terminated.
configure:6723: $? = 1
configure: failed program was:
| /* confdefs.h.  */
| #define PACKAGE_NAME "zbar"
| #define PACKAGE_TARNAME "zbar"
| #define PACKAGE_VERSION "0.10"
| #define PACKAGE_STRING "zbar 0.10"
| #define PACKAGE_BUGREPORT "spadix@users.sourceforge.net"
| #define PACKAGE "zbar"
| #define VERSION "0.10"
| /* end confdefs.h.  */
| #include <ac_nonexistent.h>
configure:6763: checking for ANSI C header files
configure:6793: gcc -c   conftest.c >&5
configure:6800: $? = 0
configure:6931: result: yes
configure:6955: checking for sys/types.h
configure:6976: gcc -c   conftest.c >&5
configure:6983: $? = 0
configure:7000: result: yes
configure:6955: checking for sys/stat.h
configure:6976: gcc -c   conftest.c >&5
configure:6983: $? = 0
configure:7000: result: yes
configure:6955: checking for stdlib.h
configure:6976: gcc -c   conftest.c >&5
configure:6983: $? = 0
configure:7000: result: yes
configure:6955: checking for string.h
configure:6976: gcc -c   conftest.c >&5
configure:6983: $? = 0
configure:7000: result: yes
configure:6955: checking for memory.h
configure:6976: gcc -c   conftest.c >&5
configure:6983: $? = 0
configure:7000: result: yes
configure:6955: checking for strings.h
configure:6976: gcc -c   conftest.c >&5
configure:6983: $? = 0
configure:7000: result: yes
configure:6955: checking for inttypes.h
configure:6976: gcc -c   conftest.c >&5
configure:6983: $? = 0
configure:7000: result: yes
configure:6955: checking for stdint.h
configure:6976: gcc -c   conftest.c >&5
configure:6983: $? = 0
configure:7000: result: yes
configure:6955: checking for unistd.h
configure:6976: gcc -c   conftest.c >&5
configure:6983: $? = 0
configure:7000: result: yes
configure:7018: checking for dlfcn.h
configure:7039: gcc -c   conftest.c >&5
configure:7046: $? = 0
configure:7063: result: yes
configure:7546: checking for objdir
configure:7561: result: .libs
configure:7857: checking if gcc supports -fno-rtti -fno-exceptions
configure:7875: gcc -c   -fno-rtti -fno-exceptions conftest.c >&5
cc1: warning: command line option '-fno-rtti' is valid for C++/ObjC++ but not for C
configure:7879: $? = 0
configure:7892: result: no
configure:7912: checking for gcc option to produce PIC
configure:8184: result: -fPIC -DPIC
configure:8196: checking if gcc PIC flag -fPIC -DPIC works
configure:8214: gcc -c   -fPIC -DPIC -DPIC conftest.c >&5
configure:8218: $? = 0
configure:8231: result: yes
configure:8255: checking if gcc static flag -static works
configure:8283: result: yes
configure:8298: checking if gcc supports -c -o file.o
configure:8319: gcc -c   -o out/conftest2.o conftest.c >&5
configure:8323: $? = 0
configure:8345: result: yes
configure:8353: checking if gcc supports -c -o file.o
configure:8400: result: yes
configure:8433: checking whether the gcc linker (/usr/bin/ld) supports shared libraries
configure:9507: result: yes
configure:9544: checking whether -lc should be explicitly linked in
configure:9549: gcc -c   conftest.c >&5
configure:9552: $? = 0
configure:9567: gcc -shared conftest.o  -v -Wl,-soname -Wl,conftest -o conftest 2\>\&1 \| /bin/grep  -lc  \>/dev/null 2\>\&1
configure:9570: $? = 0
configure:9582: result: no
configure:9746: checking dynamic linker characteristics
configure:10202: gcc -o conftest    -Wl,-rpath -Wl,/foo conftest.c  >&5
configure:10209: $? = 0
configure:10442: result: GNU/Linux ld.so
configure:10544: checking how to hardcode library paths into programs
configure:10569: result: immediate
configure:10692: checking for shl_load
configure:10748: gcc -o conftest    conftest.c  >&5
/tmp/cc4Aee8e.o: In function `main':
conftest.c:(.text+0x8): undefined reference to `shl_load'
collect2: error: ld returned 1 exit status
configure:10755: $? = 1
configure: failed program was:
| /* confdefs.h.  */
| #define PACKAGE_NAME "zbar"
| #define PACKAGE_TARNAME "zbar"
| #define PACKAGE_VERSION "0.10"
| #define PACKAGE_STRING "zbar 0.10"
| #define PACKAGE_BUGREPORT "spadix@users.sourceforge.net"
| #define PACKAGE "zbar"
| #define VERSION "0.10"
| #define STDC_HEADERS 1
| #define HAVE_SYS_TYPES_H 1
| #define HAVE_SYS_STAT_H 1
| #define HAVE_STDLIB_H 1
| #define HAVE_STRING_H 1
| #define HAVE_MEMORY_H 1
| #define HAVE_STRINGS_H 1
| #define HAVE_INTTYPES_H 1
| #define HAVE_STDINT_H 1
| #define HAVE_UNISTD_H 1
| #define HAVE_DLFCN_H 1
| #define LT_OBJDIR ".libs/"
| /* end confdefs.h.  */
| /* Define shl_load to an innocuous variant, in case <limits.h> declares shl_load.
|    For example, HP-UX 11i <limits.h> declares gettimeofday.  */
| #define shl_load innocuous_shl_load
| 
| /* System header to define __stub macros and hopefully few prototypes,
|     which can conflict with char shl_load (); below.
|     Prefer <limits.h> to <assert.h> if __STDC__ is defined, since
|     <limits.h> exists even on freestanding compilers.  */
| 
| #ifdef __STDC__
| # include <limits.h>
| #else
| # include <assert.h>
| #endif
| 
| #undef shl_load
| 
| /* Override any GCC internal prototype to avoid an error.
|    Use char because int might match the return type of a GCC
|    builtin and then its argument prototype would still apply.  */
| #ifdef __cplusplus
| extern "C"
| #endif
| char shl_load ();
| /* The GNU C library defines this for functions which it implements
|     to always fail with ENOSYS.  Some functions are actually named
|     something starting with __ and the normal name is an alias.  */
| #if defined __stub_shl_load || defined __stub___shl_load
| choke me
| #endif
| 
| int
| main ()
| {
| return shl_load ();
|   ;
|   return 0;
| }
configure:10775: result: no
configure:10780: checking for shl_load in -ldld
configure:10815: gcc -o conftest    conftest.c -ldld   >&5
/usr/bin/ld: cannot find -ldld
collect2: error: ld returned 1 exit status
configure:10822: $? = 1
configure: failed program was:
| /* confdefs.h.  */
| #define PACKAGE_NAME "zbar"
| #define PACKAGE_TARNAME "zbar"
| #define PACKAGE_VERSION "0.10"
| #define PACKAGE_STRING "zbar 0.10"
| #define PACKAGE_BUGREPORT "spadix@users.sourceforge.net"
| #define PACKAGE "zbar"
| #define VERSION "0.10"
| #define STDC_HEADERS 1
| #define HAVE_SYS_TYPES_H 1
| #define HAVE_SYS_STAT_H 1
| #define HAVE_STDLIB_H 1
| #define HAVE_STRING_H 1
| #define HAVE_MEMORY_H 1
| #define HAVE_STRINGS_H 1
| #define HAVE_INTTYPES_H 1
| #define HAVE_STDINT_H 1
| #define HAVE_UNISTD_H 1
| #define HAVE_DLFCN_H 1
| #define LT_OBJDIR ".libs/"
| /* end confdefs.h.  */
| 
| /* Override any GCC internal prototype to avoid an error.
|    Use char because int might match the return type of a GCC
|    builtin and then its argument prototype would still apply.  */
| #ifdef __cplusplus
| extern "C"
| #endif
| char shl_load ();
| int
| main ()
| {
| return shl_load ();
|   ;
|   return 0;
| }
configure:10843: result: no
configure:10848: checking for dlopen
configure:10904: gcc -o conftest    conftest.c  >&5
/tmp/ccIRuKwX.o: In function `main':
conftest.c:(.text+0x8): undefined reference to `dlopen'
collect2: error: ld returned 1 exit status
configure:10911: $? = 1
configure: failed program was:
| /* confdefs.h.  */
| #define PACKAGE_NAME "zbar"
| #define PACKAGE_TARNAME "zbar"
| #define PACKAGE_VERSION "0.10"
| #define PACKAGE_STRING "zbar 0.10"
| #define PACKAGE_BUGREPORT "spadix@users.sourceforge.net"
| #define PACKAGE "zbar"
| #define VERSION "0.10"
| #define STDC_HEADERS 1
| #define HAVE_SYS_TYPES_H 1
| #define HAVE_SYS_STAT_H 1
| #define HAVE_STDLIB_H 1
| #define HAVE_STRING_H 1
| #define HAVE_MEMORY_H 1
| #define HAVE_STRINGS_H 1
| #define HAVE_INTTYPES_H 1
| #define HAVE_STDINT_H 1
| #define HAVE_UNISTD_H 1
| #define HAVE_DLFCN_H 1
| #define LT_OBJDIR ".libs/"
| /* end confdefs.h.  */
| /* Define dlopen to an innocuous variant, in case <limits.h> declares dlopen.
|    For example, HP-UX 11i <limits.h> declares gettimeofday.  */
| #define dlopen innocuous_dlopen
| 
| /* System header to define __stub macros and hopefully few prototypes,
|     which can conflict with char dlopen (); below.
|     Prefer <limits.h> to <assert.h> if __STDC__ is defined, since
|     <limits.h> exists even on freestanding compilers.  */
| 
| #ifdef __STDC__
| # include <limits.h>
| #else
| # include <assert.h>
| #endif
| 
| #undef dlopen
| 
| /* Override any GCC internal prototype to avoid an error.
|    Use char because int might match the return type of a GCC
|    builtin and then its argument prototype would still apply.  */
| #ifdef __cplusplus
| extern "C"
| #endif
| char dlopen ();
| /* The GNU C library defines this for functions which it implements
|     to always fail with ENOSYS.  Some functions are actually named
|     something starting with __ and the normal name is an alias.  */
| #if defined __stub_dlopen || defined __stub___dlopen
| choke me
| #endif
| 
| int
| main ()
| {
| return dlopen ();
|   ;
|   return 0;
| }
configure:10931: result: no
configure:10936: checking for dlopen in -ldl
configure:10971: gcc -o conftest    conftest.c -ldl   >&5
configure:10978: $? = 0
configure:10999: result: yes
configure:11176: checking whether a program can dlopen itself
configure:11267: result: cross
configure:11402: checking whether stripping libraries is possible
configure:11407: result: yes
configure:11442: checking if libtool supports shared libraries
configure:11444: result: yes
configure:11447: checking whether to build shared libraries
configure:11468: result: yes
configure:11471: checking whether to build static libraries
configure:11475: result: yes
configure:11513: checking for arm-linux-windres
configure:11543: result: no
configure:11553: checking for windres
configure:11583: result: no
configure:11725: checking host system type
configure:11740: result: arm-unknown-linux-gnu
configure:11793: checking for arm-linux-gcc
configure:11820: result: gcc
configure:12092: checking for C compiler version
configure:12100: gcc --version >&5
gcc (Ubuntu/Linaro 5.4.0-6ubuntu1~16.04.10) 5.4.0 20160609
Copyright (C) 2015 Free Software Foundation, Inc.
This is free software; see the source for copying conditions.  There is NO
warranty; not even for MERCHANTABILITY or FITNESS FOR A PARTICULAR PURPOSE.

configure:12104: $? = 0
configure:12111: gcc -v >&5
Using built-in specs.
COLLECT_GCC=gcc
COLLECT_LTO_WRAPPER=/usr/lib/gcc/aarch64-linux-gnu/5/lto-wrapper
Target: aarch64-linux-gnu
Configured with: ../src/configure -v --with-pkgversion='Ubuntu/Linaro 5.4.0-6ubuntu1~16.04.10' --with-bugurl=file:///usr/share/doc/gcc-5/README.Bugs --enable-languages=c,ada,c++,java,go,d,fortran,objc,obj-c++ --prefix=/usr --program-suffix=-5 --enable-shared --enable-linker-build-id --libexecdir=/usr/lib --without-included-gettext --enable-threads=posix --libdir=/usr/lib --enable-nls --with-sysroot=/ --enable-clocale=gnu --enable-libstdcxx-debug --enable-libstdcxx-time=yes --with-default-libstdcxx-abi=new --enable-gnu-unique-object --disable-libquadmath --enable-plugin --with-system-zlib --disable-browser-plugin --enable-java-awt=gtk --enable-gtk-cairo --with-java-home=/usr/lib/jvm/java-1.5.0-gcj-5-arm64/jre --enable-java-home --with-jvm-root-dir=/usr/lib/jvm/java-1.5.0-gcj-5-arm64 --with-jvm-jar-dir=/usr/lib/jvm-exports/java-1.5.0-gcj-5-arm64 --with-arch-directory=aarch64 --with-ecj-jar=/usr/share/java/eclipse-ecj.jar --enable-multiarch --enable-fix-cortex-a53-843419 --disable-werror --enable-checking=release --build=aarch64-linux-gnu --host=aarch64-linux-gnu --target=aarch64-linux-gnu
Thread model: posix
gcc version 5.4.0 20160609 (Ubuntu/Linaro 5.4.0-6ubuntu1~16.04.10) 
configure:12115: $? = 0
configure:12122: gcc -V >&5
gcc: error: unrecognized command line option '-V'
gcc: fatal error: no input files
compilation terminated.
configure:12126: $? = 1
configure:12129: checking whether we are using the GNU C compiler
configure:12182: result: yes
configure:12191: checking whether gcc accepts -g
configure:12329: result: yes
configure:12346: checking for gcc option to accept ISO C89
configure:12450: result: none needed
configure:12470: checking dependency style of gcc
configure:12561: result: gcc3
configure:12577: checking whether gcc and cc understand -c and -o together
configure:12612: gcc -c conftest.c -o conftest2.o >&5
configure:12616: $? = 0
configure:12622: gcc -c conftest.c -o conftest2.o >&5
configure:12626: $? = 0
configure:12637: cc -c conftest.c >&5
configure:12641: $? = 0
configure:12649: cc -c conftest.c -o conftest2.o >&5
configure:12653: $? = 0
configure:12659: cc -c conftest.c -o conftest2.o >&5
configure:12663: $? = 0
configure:12681: result: yes
configure:12722: checking for arm-linux-g++
configure:12752: result: no
configure:12722: checking for arm-linux-c++
configure:12752: result: no
configure:12722: checking for arm-linux-gpp
configure:12752: result: no
configure:12722: checking for arm-linux-aCC
configure:12752: result: no
configure:12722: checking for arm-linux-CC
configure:12752: result: no
configure:12722: checking for arm-linux-cxx
configure:12752: result: no
configure:12722: checking for arm-linux-cc++
configure:12752: result: no
configure:12722: checking for arm-linux-cl.exe
configure:12752: result: no
configure:12722: checking for arm-linux-FCC
configure:12752: result: no
configure:12722: checking for arm-linux-KCC
configure:12752: result: no
configure:12722: checking for arm-linux-RCC
configure:12752: result: no
configure:12722: checking for arm-linux-xlC_r
configure:12752: result: no
configure:12722: checking for arm-linux-xlC
configure:12752: result: no
configure:12766: checking for g++
configure:12782: found /usr/bin/g++
configure:12793: result: g++
configure:12820: checking for C++ compiler version
configure:12828: g++ --version >&5
g++ (Ubuntu/Linaro 5.4.0-6ubuntu1~16.04.10) 5.4.0 20160609
Copyright (C) 2015 Free Software Foundation, Inc.
This is free software; see the source for copying conditions.  There is NO
warranty; not even for MERCHANTABILITY or FITNESS FOR A PARTICULAR PURPOSE.

configure:12832: $? = 0
configure:12839: g++ -v >&5
Using built-in specs.
COLLECT_GCC=g++
COLLECT_LTO_WRAPPER=/usr/lib/gcc/aarch64-linux-gnu/5/lto-wrapper
Target: aarch64-linux-gnu
Configured with: ../src/configure -v --with-pkgversion='Ubuntu/Linaro 5.4.0-6ubuntu1~16.04.10' --with-bugurl=file:///usr/share/doc/gcc-5/README.Bugs --enable-languages=c,ada,c++,java,go,d,fortran,objc,obj-c++ --prefix=/usr --program-suffix=-5 --enable-shared --enable-linker-build-id --libexecdir=/usr/lib --without-included-gettext --enable-threads=posix --libdir=/usr/lib --enable-nls --with-sysroot=/ --enable-clocale=gnu --enable-libstdcxx-debug --enable-libstdcxx-time=yes --with-default-libstdcxx-abi=new --enable-gnu-unique-object --disable-libquadmath --enable-plugin --with-system-zlib --disable-browser-plugin --enable-java-awt=gtk --enable-gtk-cairo --with-java-home=/usr/lib/jvm/java-1.5.0-gcj-5-arm64/jre --enable-java-home --with-jvm-root-dir=/usr/lib/jvm/java-1.5.0-gcj-5-arm64 --with-jvm-jar-dir=/usr/lib/jvm-exports/java-1.5.0-gcj-5-arm64 --with-arch-directory=aarch64 --with-ecj-jar=/usr/share/java/eclipse-ecj.jar --enable-multiarch --enable-fix-cortex-a53-843419 --disable-werror --enable-checking=release --build=aarch64-linux-gnu --host=aarch64-linux-gnu --target=aarch64-linux-gnu
Thread model: posix
gcc version 5.4.0 20160609 (Ubuntu/Linaro 5.4.0-6ubuntu1~16.04.10) 
configure:12843: $? = 0
configure:12850: g++ -V >&5
g++: error: unrecognized command line option '-V'
g++: fatal error: no input files
compilation terminated.
configure:12854: $? = 1
configure:12857: checking whether we are using the GNU C++ compiler
configure:12886: g++ -c   conftest.cpp >&5
configure:12893: $? = 0
configure:12910: result: yes
configure:12919: checking whether g++ accepts -g
configure:12949: g++ -c -g  conftest.cpp >&5
configure:12956: $? = 0
configure:13057: result: yes
configure:13082: checking dependency style of g++
configure:13173: result: gcc3
configure:13301: checking for C++ compiler version
configure:13309: g++ --version >&5
g++ (Ubuntu/Linaro 5.4.0-6ubuntu1~16.04.10) 5.4.0 20160609
Copyright (C) 2015 Free Software Foundation, Inc.
This is free software; see the source for copying conditions.  There is NO
warranty; not even for MERCHANTABILITY or FITNESS FOR A PARTICULAR PURPOSE.

configure:13313: $? = 0
configure:13320: g++ -v >&5
Using built-in specs.
COLLECT_GCC=g++
COLLECT_LTO_WRAPPER=/usr/lib/gcc/aarch64-linux-gnu/5/lto-wrapper
Target: aarch64-linux-gnu
Configured with: ../src/configure -v --with-pkgversion='Ubuntu/Linaro 5.4.0-6ubuntu1~16.04.10' --with-bugurl=file:///usr/share/doc/gcc-5/README.Bugs --enable-languages=c,ada,c++,java,go,d,fortran,objc,obj-c++ --prefix=/usr --program-suffix=-5 --enable-shared --enable-linker-build-id --libexecdir=/usr/lib --without-included-gettext --enable-threads=posix --libdir=/usr/lib --enable-nls --with-sysroot=/ --enable-clocale=gnu --enable-libstdcxx-debug --enable-libstdcxx-time=yes --with-default-libstdcxx-abi=new --enable-gnu-unique-object --disable-libquadmath --enable-plugin --with-system-zlib --disable-browser-plugin --enable-java-awt=gtk --enable-gtk-cairo --with-java-home=/usr/lib/jvm/java-1.5.0-gcj-5-arm64/jre --enable-java-home --with-jvm-root-dir=/usr/lib/jvm/java-1.5.0-gcj-5-arm64 --with-jvm-jar-dir=/usr/lib/jvm-exports/java-1.5.0-gcj-5-arm64 --with-arch-directory=aarch64 --with-ecj-jar=/usr/share/java/eclipse-ecj.jar --enable-multiarch --enable-fix-cortex-a53-843419 --disable-werror --enable-checking=release --build=aarch64-linux-gnu --host=aarch64-linux-gnu --target=aarch64-linux-gnu
Thread model: posix
gcc version 5.4.0 20160609 (Ubuntu/Linaro 5.4.0-6ubuntu1~16.04.10) 
configure:13324: $? = 0
configure:13331: g++ -V >&5
g++: error: unrecognized command line option '-V'
g++: fatal error: no input files
compilation terminated.
configure:13335: $? = 1
configure:13338: checking whether we are using the GNU C++ compiler
configure:13391: result: yes
configure:13400: checking whether g++ accepts -g
configure:13538: result: yes
configure:13563: checking dependency style of g++
configure:13654: result: gcc3
configure:13677: checking how to run the C++ preprocessor
configure:13713: g++ -E  conftest.cpp
configure:13720: $? = 0
configure:13751: g++ -E  conftest.cpp
conftest.cpp:27:28: fatal error: ac_nonexistent.h: No such file or directory
compilation terminated.
configure:13758: $? = 1
configure: failed program was:
| /* confdefs.h.  */
| #define PACKAGE_NAME "zbar"
| #define PACKAGE_TARNAME "zbar"
| #define PACKAGE_VERSION "0.10"
| #define PACKAGE_STRING "zbar 0.10"
| #define PACKAGE_BUGREPORT "spadix@users.sourceforge.net"
| #define PACKAGE "zbar"
| #define VERSION "0.10"
| #define STDC_HEADERS 1
| #define HAVE_SYS_TYPES_H 1
| #define HAVE_SYS_STAT_H 1
| #define HAVE_STDLIB_H 1
| #define HAVE_STRING_H 1
| #define HAVE_MEMORY_H 1
| #define HAVE_STRINGS_H 1
| #define HAVE_INTTYPES_H 1
| #define HAVE_STDINT_H 1
| #define HAVE_UNISTD_H 1
| #define HAVE_DLFCN_H 1
| #define LT_OBJDIR ".libs/"
| #define ZBAR_VERSION_MAJOR 0
| #define ZBAR_VERSION_MINOR 10
| #define LIB_VERSION_MAJOR 0
| #define LIB_VERSION_MINOR 2
| #define LIB_VERSION_REVISION 0
| /* end confdefs.h.  */
| #include <ac_nonexistent.h>
configure:13791: result: g++ -E
configure:13820: g++ -E  conftest.cpp
configure:13827: $? = 0
configure:13858: g++ -E  conftest.cpp
conftest.cpp:27:28: fatal error: ac_nonexistent.h: No such file or directory
compilation terminated.
configure:13865: $? = 1
configure: failed program was:
| /* confdefs.h.  */
| #define PACKAGE_NAME "zbar"
| #define PACKAGE_TARNAME "zbar"
| #define PACKAGE_VERSION "0.10"
| #define PACKAGE_STRING "zbar 0.10"
| #define PACKAGE_BUGREPORT "spadix@users.sourceforge.net"
| #define PACKAGE "zbar"
| #define VERSION "0.10"
| #define STDC_HEADERS 1
| #define HAVE_SYS_TYPES_H 1
| #define HAVE_SYS_STAT_H 1
| #define HAVE_STDLIB_H 1
| #define HAVE_STRING_H 1
| #define HAVE_MEMORY_H 1
| #define HAVE_STRINGS_H 1
| #define HAVE_INTTYPES_H 1
| #define HAVE_STDINT_H 1
| #define HAVE_UNISTD_H 1
| #define HAVE_DLFCN_H 1
| #define LT_OBJDIR ".libs/"
| #define ZBAR_VERSION_MAJOR 0
| #define ZBAR_VERSION_MINOR 10
| #define LIB_VERSION_MAJOR 0
| #define LIB_VERSION_MINOR 2
| #define LIB_VERSION_REVISION 0
| /* end confdefs.h.  */
| #include <ac_nonexistent.h>
configure:14041: checking for ld used by g++
configure:14108: result: /usr/bin/ld
configure:14117: checking if the linker (/usr/bin/ld) is GNU ld
configure:14132: result: yes
configure:14187: checking whether the g++ linker (/usr/bin/ld) supports shared libraries
configure:15162: result: yes
configure:15190: g++ -c -g -O2  conftest.cpp >&5
configure:15193: $? = 0
configure:15375: checking for g++ option to produce PIC
configure:15692: result: -fPIC -DPIC
configure:15701: checking if g++ PIC flag -fPIC -DPIC works
configure:15719: g++ -c -g -O2  -fPIC -DPIC -DPIC conftest.cpp >&5
configure:15723: $? = 0
configure:15736: result: yes
configure:15757: checking if g++ static flag -static works
configure:15785: result: yes
configure:15797: checking if g++ supports -c -o file.o
configure:15818: g++ -c -g -O2  -o out/conftest2.o conftest.cpp >&5
configure:15822: $? = 0
configure:15844: result: yes
configure:15849: checking if g++ supports -c -o file.o
configure:15896: result: yes
configure:15926: checking whether the g++ linker (/usr/bin/ld) supports shared libraries
configure:15952: result: yes
configure:16089: checking dynamic linker characteristics
configure:16493: g++ -o conftest -g -O2   -Wl,-rpath -Wl,/foo conftest.cpp  >&5
configure:16500: $? = 0
configure:16733: result: GNU/Linux ld.so
configure:16784: checking how to hardcode library paths into programs
configure:16809: result: immediate
configure:16855: checking for arm-linux-pkg-config
configure:16888: result: no
configure:16898: checking for pkg-config
configure:16916: found /usr/bin/pkg-config
configure:16928: result: /usr/bin/pkg-config
configure:16953: checking pkg-config is at least version 0.9.0
configure:16956: result: yes
configure:16972: checking for xmlto
configure:17002: result: no
configure:17022: checking whether to build EAN symbologies
configure:17044: result: yes
configure:17048: checking whether to build Code 128 symbology
configure:17070: result: yes
configure:17074: checking whether to build Code 39 symbology
configure:17096: result: yes
configure:17100: checking whether to build PDF417 symbology
configure:17122: result: no
configure:17126: checking whether to build Interleaved 2 of 5 symbology
configure:17148: result: yes
configure:17152: checking whether to build QR Code
configure:17174: result: yes
configure:17179: checking for library containing clock_gettime
configure:17220: gcc -o conftest    conftest.c  >&5
configure:17227: $? = 0
configure:17258: result: none required
configure:17306: checking for ld used by GCC
configure:17370: result: /usr/bin/ld
configure:17379: checking if the linker (/usr/bin/ld) is GNU ld
configure:17392: result: yes
configure:17399: checking for shared library run path origin
configure:17412: result: done
configure:17920: checking for iconv
configure:17952: gcc -o conftest    conftest.c  >&5
configure:17959: $? = 0
configure:18036: result: yes
configure:18039: checking for working iconv
configure:18158: result: guessing yes
configure:18188: checking for iconv declaration
configure:18227: gcc -c   conftest.c >&5
configure:18234: $? = 0
configure:18253: result: 
         extern size_t iconv (iconv_t cd, char * *inbuf, size_t *inbytesleft, char * *outbuf, size_t *outbytesleft);
configure:18281: checking poll.h usability
configure:18298: gcc -c   conftest.c >&5
configure:18305: $? = 0
configure:18319: result: yes
configure:18323: checking poll.h presence
configure:18338: gcc -E  conftest.c
configure:18345: $? = 0
configure:18359: result: yes
configure:18392: checking for poll.h
configure:18401: result: yes
configure:18459: checking pthread.h usability
configure:18476: gcc -c   conftest.c >&5
configure:18483: $? = 0
configure:18497: result: yes
configure:18501: checking pthread.h presence
configure:18516: gcc -E  conftest.c
configure:18523: $? = 0
configure:18537: result: yes
configure:18570: checking for pthread.h
configure:18579: result: yes
configure:18605: checking for pthread_create in -lpthread
configure:18640: gcc -o conftest    conftest.c -lpthread   >&5
configure:18647: $? = 0
configure:18668: result: yes
configure:18727: checking linux/videodev.h usability
configure:18744: gcc -c   conftest.c >&5
configure:18751: $? = 0
configure:18765: result: yes
configure:18769: checking linux/videodev.h presence
configure:18784: gcc -E  conftest.c
configure:18791: $? = 0
configure:18805: result: yes
configure:18838: checking for linux/videodev.h
configure:18847: result: yes
configure:18890: checking linux/videodev2.h usability
configure:18907: gcc -c   conftest.c >&5
configure:18914: $? = 0
configure:18928: result: yes
configure:18932: checking linux/videodev2.h presence
configure:18947: gcc -E  conftest.c
configure:18954: $? = 0
configure:18968: result: yes
configure:19001: checking for linux/videodev2.h
configure:19010: result: yes
configure:19222: checking for X
configure:19337: gcc -E  conftest.c
configure:19344: $? = 0
configure:19393: gcc -o conftest    conftest.c -lX11 -lpthread  >&5
configure:19400: $? = 0
configure:19462: result: libraries , headers 
configure:19634: gcc -o conftest    conftest.c -lpthread   -lX11 >&5
configure:19641: $? = 0
configure:19809: checking for gethostbyname
configure:19865: gcc -o conftest    conftest.c -lpthread  >&5
configure:19872: $? = 0
configure:19892: result: yes
configure:20045: checking for connect
configure:20101: gcc -o conftest    conftest.c -lpthread  >&5
configure:20108: $? = 0
configure:20128: result: yes
configure:20204: checking for remove
configure:20260: gcc -o conftest    conftest.c -lpthread  >&5
configure:20267: $? = 0
configure:20287: result: yes
configure:20363: checking for shmat
configure:20419: gcc -o conftest    conftest.c -lpthread  >&5
configure:20426: $? = 0
configure:20446: result: yes
configure:20531: checking for IceConnectionNumber in -lICE
configure:20566: gcc -o conftest    conftest.c -lICE  -lpthread  >&5
configure:20573: $? = 0
configure:20594: result: yes
configure:20635: checking for X11/extensions/XShm.h
configure:20659: gcc -c   conftest.c >&5
configure:20666: $? = 0
configure:20683: result: yes
configure:20714: checking for XShmQueryVersion in -lXext
configure:20749: gcc -o conftest    conftest.c -lXext   -lSM -lICE -lX11  -lXext -lpthread  >&5
configure:20756: $? = 0
configure:20777: result: yes
configure:20827: checking for X11/extensions/Xvlib.h
configure:20849: gcc -c   conftest.c >&5
conftest.c:44:34: fatal error: X11/extensions/Xvlib.h: No such file or directory
compilation terminated.
configure:20856: $? = 1
configure: failed program was:
| /* confdefs.h.  */
| #define PACKAGE_NAME "zbar"
| #define PACKAGE_TARNAME "zbar"
| #define PACKAGE_VERSION "0.10"
| #define PACKAGE_STRING "zbar 0.10"
| #define PACKAGE_BUGREPORT "spadix@users.sourceforge.net"
| #define PACKAGE "zbar"
| #define VERSION "0.10"
| #define STDC_HEADERS 1
| #define HAVE_SYS_TYPES_H 1
| #define HAVE_SYS_STAT_H 1
| #define HAVE_STDLIB_H 1
| #define HAVE_STRING_H 1
| #define HAVE_MEMORY_H 1
| #define HAVE_STRINGS_H 1
| #define HAVE_INTTYPES_H 1
| #define HAVE_STDINT_H 1
| #define HAVE_UNISTD_H 1
| #define HAVE_DLFCN_H 1
| #define LT_OBJDIR ".libs/"
| #define ZBAR_VERSION_MAJOR 0
| #define ZBAR_VERSION_MINOR 10
| #define LIB_VERSION_MAJOR 0
| #define LIB_VERSION_MINOR 2
| #define LIB_VERSION_REVISION 0
| #define ENABLE_EAN 1
| #define ENABLE_CODE128 1
| #define ENABLE_CODE39 1
| #define ENABLE_I25 1
| #define ENABLE_QRCODE 1
| #define HAVE_ICONV 1
| #define ICONV_CONST 
| #define HAVE_POLL_H 1
| #define HAVE_PTHREAD_H 1
| #define HAVE_LIBPTHREAD 1
| #define __USE_UNIX98 1
| #define HAVE_LINUX_VIDEODEV_H 1
| #define HAVE_LINUX_VIDEODEV2_H 1
| #define HAVE_X11_EXTENSIONS_XSHM_H 1
| /* end confdefs.h.  */
| #include <X11/Xlib.h>
| 
| 
| #include <X11/extensions/Xvlib.h>
configure:20873: result: no
configure:21025: checking jpeglib.h usability
configure:21042: gcc -c   conftest.c >&5
configure:21049: $? = 0
configure:21063: result: yes
configure:21067: checking jpeglib.h presence
configure:21082: gcc -E  conftest.c
configure:21089: $? = 0
configure:21103: result: yes
configure:21136: checking for jpeglib.h
configure:21145: result: yes
configure:21172: checking jerror.h usability
configure:21189: gcc -c   conftest.c >&5
configure:21196: $? = 0
configure:21210: result: yes
configure:21214: checking jerror.h presence
configure:21229: gcc -E  conftest.c
configure:21236: $? = 0
configure:21250: result: yes
configure:21283: checking for jerror.h
configure:21290: result: yes
configure:21302: checking for jpeg_read_header in -ljpeg
configure:21337: gcc -o conftest    conftest.c -ljpeg  -lpthread  >&5
configure:21344: $? = 0
configure:21365: result: yes
configure:21418: checking for MAGICK
configure:21425: $PKG_CONFIG --exists --print-errors "MagickWand >= 6.2.6"
configure:21428: $? = 0
configure:21441: $PKG_CONFIG --exists --print-errors "MagickWand >= 6.2.6"
configure:21444: $? = 0
configure:21733: result: yes
configure:21738: using ImageMagick version 6.8.9
configure:21753: checking wand/MagickWand.h usability
configure:21770: gcc -c   -fopenmp -DMAGICKCORE_HDRI_ENABLE=0 -DMAGICKCORE_QUANTUM_DEPTH=16 -fopenmp -DMAGICKCORE_HDRI_ENABLE=0 -DMAGICKCORE_QUANTUM_DEPTH=16 -I/usr/include/aarch64-linux-gnu//ImageMagick-6 -I/usr/include/ImageMagick-6 -I/usr/include/aarch64-linux-gnu//ImageMagick-6 -I/usr/include/ImageMagick-6 conftest.c >&5
configure:21777: $? = 0
configure:21791: result: yes
configure:21795: checking wand/MagickWand.h presence
configure:21810: gcc -E  -fopenmp -DMAGICKCORE_HDRI_ENABLE=0 -DMAGICKCORE_QUANTUM_DEPTH=16 -fopenmp -DMAGICKCORE_HDRI_ENABLE=0 -DMAGICKCORE_QUANTUM_DEPTH=16 -I/usr/include/aarch64-linux-gnu//ImageMagick-6 -I/usr/include/ImageMagick-6 -I/usr/include/aarch64-linux-gnu//ImageMagick-6 -I/usr/include/ImageMagick-6 conftest.c
configure:21817: $? = 0
configure:21831: result: yes
configure:21864: checking for wand/MagickWand.h
configure:21871: result: yes
configure:22053: checking for GTK
configure:22060: $PKG_CONFIG --exists --print-errors "gtk+-2.0 gthread-2.0"
configure:22063: $? = 0
configure:22076: $PKG_CONFIG --exists --print-errors "gtk+-2.0 gthread-2.0"
configure:22079: $? = 0
configure:22156: result: yes
configure:22162: using GTK+ version 2.24.30
configure:22165: using gthread-2.0 version 2.48.2
configure:22229: checking for a Python interpreter with version >= 2.3.5
configure:22244: python -c import sys, string # split strings by '.' and convert to numeric. Append some zeros # because we need at least 4 digits for the hex conversion. minver = map(int, string.split('2.3.5', '.')) + [0, 0, 0] minverhex = 0 for i in xrange(0, 4): minverhex = (minverhex << 8) + minver[i] sys.exit(sys.hexversion < minverhex)
configure:22247: $? = 0
configure:22254: result: python
configure:22262: checking for python
configure:22280: found /usr/bin/python
configure:22292: result: /usr/bin/python
configure:22312: checking for python version
configure:22319: result: 2.7
configure:22331: checking for python platform
configure:22338: result: linux2
configure:22345: checking for python script directory
configure:22353: result: ${prefix}/lib/python2.7/site-packages
configure:22362: checking for python extension module directory
configure:22370: result: ${exec_prefix}/lib/python2.7/site-packages
configure:22397: checking for PYGTK
configure:22404: $PKG_CONFIG --exists --print-errors "pygtk-2.0"
configure:22407: $? = 0
configure:22420: $PKG_CONFIG --exists --print-errors "pygtk-2.0"
configure:22423: $? = 0
configure:22500: result: yes
configure:22508: checking for pygtk-codegen-2.0
configure:22524: found /usr/bin/pygtk-codegen-2.0
configure:22535: result: pygtk-codegen-2.0
configure:22591: checking for QT
configure:22598: $PKG_CONFIG --exists --print-errors "QtCore >= 4 QtGui >= 4"
configure:22601: $? = 0
configure:22614: $PKG_CONFIG --exists --print-errors "QtCore >= 4 QtGui >= 4"
configure:22617: $? = 0
configure:22694: result: yes
configure:22699: using moc from /usr/lib/aarch64-linux-gnu/qt4/bin/moc
configure:22702: using Qt version 4.8.7
configure:22719: checking whether to enable assertions
configure:22731: result: yes
configure:22764: checking fcntl.h usability
configure:22781: gcc -c   conftest.c >&5
configure:22788: $? = 0
configure:22802: result: yes
configure:22806: checking fcntl.h presence
configure:22821: gcc -E  conftest.c
configure:22828: $? = 0
configure:22842: result: yes
configure:22875: checking for fcntl.h
configure:22884: result: yes
configure:22764: checking features.h usability
configure:22781: gcc -c   conftest.c >&5
configure:22788: $? = 0
configure:22802: result: yes
configure:22806: checking features.h presence
configure:22821: gcc -E  conftest.c
configure:22828: $? = 0
configure:22842: result: yes
configure:22875: checking for features.h
configure:22884: result: yes
configure:22753: checking for inttypes.h
configure:22760: result: yes
configure:22753: checking for stdlib.h
configure:22760: result: yes
configure:22753: checking for string.h
configure:22760: result: yes
configure:22753: checking for unistd.h
configure:22760: result: yes
configure:22764: checking sys/ioctl.h usability
configure:22781: gcc -c   conftest.c >&5
configure:22788: $? = 0
configure:22802: result: yes
configure:22806: checking sys/ioctl.h presence
configure:22821: gcc -E  conftest.c
configure:22828: $? = 0
configure:22842: result: yes
configure:22875: checking for sys/ioctl.h
configure:22884: result: yes
configure:22764: checking sys/time.h usability
configure:22781: gcc -c   conftest.c >&5
configure:22788: $? = 0
configure:22802: result: yes
configure:22806: checking sys/time.h presence
configure:22821: gcc -E  conftest.c
configure:22828: $? = 0
configure:22842: result: yes
configure:22875: checking for sys/time.h
configure:22884: result: yes
configure:22764: checking sys/times.h usability
configure:22781: gcc -c   conftest.c >&5
configure:22788: $? = 0
configure:22802: result: yes
configure:22806: checking sys/times.h presence
configure:22821: gcc -E  conftest.c
configure:22828: $? = 0
configure:22842: result: yes
configure:22875: checking for sys/times.h
configure:22884: result: yes
configure:22764: checking sys/ipc.h usability
configure:22781: gcc -c   conftest.c >&5
configure:22788: $? = 0
configure:22802: result: yes
configure:22806: checking sys/ipc.h presence
configure:22821: gcc -E  conftest.c
configure:22828: $? = 0
configure:22842: result: yes
configure:22875: checking for sys/ipc.h
configure:22884: result: yes
configure:22764: checking sys/shm.h usability
configure:22781: gcc -c   conftest.c >&5
configure:22788: $? = 0
configure:22802: result: yes
configure:22806: checking sys/shm.h presence
configure:22821: gcc -E  conftest.c
configure:22828: $? = 0
configure:22842: result: yes
configure:22875: checking for sys/shm.h
configure:22884: result: yes
configure:22764: checking sys/mman.h usability
configure:22781: gcc -c   conftest.c >&5
configure:22788: $? = 0
configure:22802: result: yes
configure:22806: checking sys/mman.h presence
configure:22821: gcc -E  conftest.c
configure:22828: $? = 0
configure:22842: result: yes
configure:22875: checking for sys/mman.h
configure:22884: result: yes
configure:22902: checking for int32_t
configure:22933: gcc -c   conftest.c >&5
configure:22940: $? = 0
configure:22969: gcc -c   conftest.c >&5
conftest.c: In function 'main':
conftest.c:92:53: warning: integer overflow in expression [-Woverflow]
    < (int32_t) ((((int32_t) 1 << (32 - 2)) - 1) * 2 + 2))];
                                                     ^
conftest.c:91:12: error: storage size of 'test_array' isn't constant
 static int test_array [1 - 2 * !((int32_t) ((((int32_t) 1 << (32 - 2)) - 1) * 2 + 1)
            ^
configure:22976: $? = 1
configure: failed program was:
| /* confdefs.h.  */
| #define PACKAGE_NAME "zbar"
| #define PACKAGE_TARNAME "zbar"
| #define PACKAGE_VERSION "0.10"
| #define PACKAGE_STRING "zbar 0.10"
| #define PACKAGE_BUGREPORT "spadix@users.sourceforge.net"
| #define PACKAGE "zbar"
| #define VERSION "0.10"
| #define STDC_HEADERS 1
| #define HAVE_SYS_TYPES_H 1
| #define HAVE_SYS_STAT_H 1
| #define HAVE_STDLIB_H 1
| #define HAVE_STRING_H 1
| #define HAVE_MEMORY_H 1
| #define HAVE_STRINGS_H 1
| #define HAVE_INTTYPES_H 1
| #define HAVE_STDINT_H 1
| #define HAVE_UNISTD_H 1
| #define HAVE_DLFCN_H 1
| #define LT_OBJDIR ".libs/"
| #define ZBAR_VERSION_MAJOR 0
| #define ZBAR_VERSION_MINOR 10
| #define LIB_VERSION_MAJOR 0
| #define LIB_VERSION_MINOR 2
| #define LIB_VERSION_REVISION 0
| #define ENABLE_EAN 1
| #define ENABLE_CODE128 1
| #define ENABLE_CODE39 1
| #define ENABLE_I25 1
| #define ENABLE_QRCODE 1
| #define HAVE_ICONV 1
| #define ICONV_CONST 
| #define HAVE_POLL_H 1
| #define HAVE_PTHREAD_H 1
| #define HAVE_LIBPTHREAD 1
| #define __USE_UNIX98 1
| #define HAVE_LINUX_VIDEODEV_H 1
| #define HAVE_LINUX_VIDEODEV2_H 1
| #define HAVE_X11_EXTENSIONS_XSHM_H 1
| #define HAVE_JPEGLIB_H 1
| #define HAVE_LIBJPEG 1
| #define HAVE_FCNTL_H 1
| #define HAVE_FEATURES_H 1
| #define HAVE_INTTYPES_H 1
| #define HAVE_STDLIB_H 1
| #define HAVE_STRING_H 1
| #define HAVE_UNISTD_H 1
| #define HAVE_SYS_IOCTL_H 1
| #define HAVE_SYS_TIME_H 1
| #define HAVE_SYS_TIMES_H 1
| #define HAVE_SYS_IPC_H 1
| #define HAVE_SYS_SHM_H 1
| #define HAVE_SYS_MMAN_H 1
| /* end confdefs.h.  */
| #include <stdio.h>
| #ifdef HAVE_SYS_TYPES_H
| # include <sys/types.h>
| #endif
| #ifdef HAVE_SYS_STAT_H
| # include <sys/stat.h>
| #endif
| #ifdef STDC_HEADERS
| # include <stdlib.h>
| # include <stddef.h>
| #else
| # ifdef HAVE_STDLIB_H
| #  include <stdlib.h>
| # endif
| #endif
| #ifdef HAVE_STRING_H
| # if !defined STDC_HEADERS && defined HAVE_MEMORY_H
| #  include <memory.h>
| # endif
| # include <string.h>
| #endif
| #ifdef HAVE_STRINGS_H
| # include <strings.h>
| #endif
| #ifdef HAVE_INTTYPES_H
| # include <inttypes.h>
| #endif
| #ifdef HAVE_STDINT_H
| # include <stdint.h>
| #endif
| #ifdef HAVE_UNISTD_H
| # include <unistd.h>
| #endif
| int
| main ()
| {
| static int test_array [1 - 2 * !((int32_t) ((((int32_t) 1 << (32 - 2)) - 1) * 2 + 1)
| 		 < (int32_t) ((((int32_t) 1 << (32 - 2)) - 1) * 2 + 2))];
| test_array [0] = 0
| 
|   ;
|   return 0;
| }
configure:23005: result: yes
configure:23018: checking for uint32_t
configure:23049: gcc -c   conftest.c >&5
configure:23056: $? = 0
configure:23077: result: yes
configure:23095: checking for uint8_t
configure:23126: gcc -c   conftest.c >&5
configure:23133: $? = 0
configure:23154: result: yes
configure:23172: checking for uintptr_t
configure:23200: gcc -c   conftest.c >&5
configure:23207: $? = 0
configure:23234: gcc -c   conftest.c >&5
conftest.c: In function 'main':
conftest.c:91:24: error: expected expression before ')' token
 if (sizeof ((uintptr_t)))
                        ^
configure:23241: $? = 1
configure: failed program was:
| /* confdefs.h.  */
| #define PACKAGE_NAME "zbar"
| #define PACKAGE_TARNAME "zbar"
| #define PACKAGE_VERSION "0.10"
| #define PACKAGE_STRING "zbar 0.10"
| #define PACKAGE_BUGREPORT "spadix@users.sourceforge.net"
| #define PACKAGE "zbar"
| #define VERSION "0.10"
| #define STDC_HEADERS 1
| #define HAVE_SYS_TYPES_H 1
| #define HAVE_SYS_STAT_H 1
| #define HAVE_STDLIB_H 1
| #define HAVE_STRING_H 1
| #define HAVE_MEMORY_H 1
| #define HAVE_STRINGS_H 1
| #define HAVE_INTTYPES_H 1
| #define HAVE_STDINT_H 1
| #define HAVE_UNISTD_H 1
| #define HAVE_DLFCN_H 1
| #define LT_OBJDIR ".libs/"
| #define ZBAR_VERSION_MAJOR 0
| #define ZBAR_VERSION_MINOR 10
| #define LIB_VERSION_MAJOR 0
| #define LIB_VERSION_MINOR 2
| #define LIB_VERSION_REVISION 0
| #define ENABLE_EAN 1
| #define ENABLE_CODE128 1
| #define ENABLE_CODE39 1
| #define ENABLE_I25 1
| #define ENABLE_QRCODE 1
| #define HAVE_ICONV 1
| #define ICONV_CONST 
| #define HAVE_POLL_H 1
| #define HAVE_PTHREAD_H 1
| #define HAVE_LIBPTHREAD 1
| #define __USE_UNIX98 1
| #define HAVE_LINUX_VIDEODEV_H 1
| #define HAVE_LINUX_VIDEODEV2_H 1
| #define HAVE_X11_EXTENSIONS_XSHM_H 1
| #define HAVE_JPEGLIB_H 1
| #define HAVE_LIBJPEG 1
| #define HAVE_FCNTL_H 1
| #define HAVE_FEATURES_H 1
| #define HAVE_INTTYPES_H 1
| #define HAVE_STDLIB_H 1
| #define HAVE_STRING_H 1
| #define HAVE_UNISTD_H 1
| #define HAVE_SYS_IOCTL_H 1
| #define HAVE_SYS_TIME_H 1
| #define HAVE_SYS_TIMES_H 1
| #define HAVE_SYS_IPC_H 1
| #define HAVE_SYS_SHM_H 1
| #define HAVE_SYS_MMAN_H 1
| /* end confdefs.h.  */
| #include <stdio.h>
| #ifdef HAVE_SYS_TYPES_H
| # include <sys/types.h>
| #endif
| #ifdef HAVE_SYS_STAT_H
| # include <sys/stat.h>
| #endif
| #ifdef STDC_HEADERS
| # include <stdlib.h>
| # include <stddef.h>
| #else
| # ifdef HAVE_STDLIB_H
| #  include <stdlib.h>
| # endif
| #endif
| #ifdef HAVE_STRING_H
| # if !defined STDC_HEADERS && defined HAVE_MEMORY_H
| #  include <memory.h>
| # endif
| # include <string.h>
| #endif
| #ifdef HAVE_STRINGS_H
| # include <strings.h>
| #endif
| #ifdef HAVE_INTTYPES_H
| # include <inttypes.h>
| #endif
| #ifdef HAVE_STDINT_H
| # include <stdint.h>
| #endif
| #ifdef HAVE_UNISTD_H
| # include <unistd.h>
| #endif
| int
| main ()
| {
| if (sizeof ((uintptr_t)))
| 	  return 0;
|   ;
|   return 0;
| }
configure:23264: result: yes
configure:23331: checking for an ANSI C-conforming const
configure:23406: gcc -c   conftest.c >&5
configure:23413: $? = 0
configure:23428: result: yes
configure:23438: checking for inline
configure:23464: gcc -c   conftest.c >&5
configure:23471: $? = 0
configure:23489: result: inline
configure:23516: checking for stdlib.h
configure:23523: result: yes
configure:23516: checking for unistd.h
configure:23523: result: yes
configure:23666: checking for getpagesize
configure:23722: gcc -o conftest    conftest.c -ljpeg -lpthread  >&5
configure:23729: $? = 0
configure:23751: result: yes
configure:23763: checking for working mmap
configure:23941: result: no
configure:23958: checking for memset
configure:24014: gcc -o conftest    conftest.c -ljpeg -lpthread  >&5
conftest.c:82:6: warning: conflicting types for built-in function 'memset'
 char memset ();
      ^
configure:24021: $? = 0
configure:24043: result: yes
configure:23958: checking for atexit
configure:24014: gcc -o conftest    conftest.c -ljpeg -lpthread  >&5
configure:24021: $? = 0
configure:24043: result: yes
configure:23958: checking for setenv
configure:24014: gcc -o conftest    conftest.c -ljpeg -lpthread  >&5
configure:24021: $? = 0
configure:24043: result: yes
configure:24341: creating ./config.status

## ---------------------- ##
## Running config.status. ##
## ---------------------- ##

This file was extended by zbar config.status 0.10, which was
generated by GNU Autoconf 2.63.  Invocation command line was

  CONFIG_FILES    = 
  CONFIG_HEADERS  = 
  CONFIG_LINKS    = 
  CONFIG_COMMANDS = 
  $ ./config.status 

on firefly

config.status:1240: creating Makefile
config.status:1240: creating zbar.pc
config.status:1240: creating zbar-gtk.pc
config.status:1240: creating zbar-qt.pc
config.status:1240: creating doc/doxygen.conf
config.status:1240: creating include/config.h
config.status:1514: executing depfiles commands
config.status:1514: executing libtool commands
config.status:1514: executing doc/version.xml commands
config.status:1514: executing doc/reldate.xml commands

## ---------------- ##
## Cache variables. ##
## ---------------- ##

ac_cv_build=arm-unknown-none
ac_cv_c_compiler_gnu=yes
ac_cv_c_const=yes
ac_cv_c_inline=inline
ac_cv_c_int32_t=yes
ac_cv_c_uint32_t=yes
ac_cv_c_uint8_t=yes
ac_cv_cxx_compiler_gnu=yes
ac_cv_env_CCC_set=
ac_cv_env_CCC_value=
ac_cv_env_CC_set=
ac_cv_env_CC_value=
ac_cv_env_CFLAGS_set=set
ac_cv_env_CFLAGS_value=
ac_cv_env_CPPFLAGS_set=
ac_cv_env_CPPFLAGS_value=
ac_cv_env_CPP_set=
ac_cv_env_CPP_value=
ac_cv_env_CXXCPP_set=
ac_cv_env_CXXCPP_value=
ac_cv_env_CXXFLAGS_set=
ac_cv_env_CXXFLAGS_value=
ac_cv_env_CXX_set=
ac_cv_env_CXX_value=
ac_cv_env_GLIB_GENMARSHAL_set=
ac_cv_env_GLIB_GENMARSHAL_value=
ac_cv_env_GTK_CFLAGS_set=
ac_cv_env_GTK_CFLAGS_value=
ac_cv_env_GTK_LIBS_set=
ac_cv_env_GTK_LIBS_value=
ac_cv_env_LDFLAGS_set=
ac_cv_env_LDFLAGS_value=
ac_cv_env_LIBS_set=
ac_cv_env_LIBS_value=
ac_cv_env_MAGICK_CFLAGS_set=
ac_cv_env_MAGICK_CFLAGS_value=
ac_cv_env_MAGICK_LIBS_set=
ac_cv_env_MAGICK_LIBS_value=
ac_cv_env_MOC_set=
ac_cv_env_MOC_value=
ac_cv_env_NPAPI_CFLAGS_set=
ac_cv_env_NPAPI_CFLAGS_value=
ac_cv_env_NPAPI_LIBS_set=
ac_cv_env_NPAPI_LIBS_value=
ac_cv_env_PKG_CONFIG_set=
ac_cv_env_PKG_CONFIG_value=
ac_cv_env_PYGTK_CFLAGS_set=
ac_cv_env_PYGTK_CFLAGS_value=
ac_cv_env_PYGTK_CODEGEN_set=
ac_cv_env_PYGTK_CODEGEN_value=
ac_cv_env_PYGTK_DEFS_set=
ac_cv_env_PYGTK_DEFS_value=
ac_cv_env_PYGTK_H2DEF_set=
ac_cv_env_PYGTK_H2DEF_value=
ac_cv_env_PYGTK_LIBS_set=
ac_cv_env_PYGTK_LIBS_value=
ac_cv_env_PYTHON_CFLAGS_set=
ac_cv_env_PYTHON_CFLAGS_value=
ac_cv_env_PYTHON_CONFIG_set=
ac_cv_env_PYTHON_CONFIG_value=
ac_cv_env_PYTHON_LIBS_set=
ac_cv_env_PYTHON_LIBS_value=
ac_cv_env_QT_CFLAGS_set=
ac_cv_env_QT_CFLAGS_value=
ac_cv_env_QT_LIBS_set=
ac_cv_env_QT_LIBS_value=
ac_cv_env_XMKMF_set=
ac_cv_env_XMKMF_value=
ac_cv_env_XMLTOFLAGS_set=
ac_cv_env_XMLTOFLAGS_value=
ac_cv_env_XMLTO_set=
ac_cv_env_XMLTO_value=
ac_cv_env_XSHM_LIBS_set=
ac_cv_env_XSHM_LIBS_value=
ac_cv_env_XV_LIBS_set=
ac_cv_env_XV_LIBS_value=
ac_cv_env_build_alias_set=set
ac_cv_env_build_alias_value=arm
ac_cv_env_host_alias_set=set
ac_cv_env_host_alias_value=arm-linux
ac_cv_env_target_alias_set=
ac_cv_env_target_alias_value=
ac_cv_func_atexit=yes
ac_cv_func_connect=yes
ac_cv_func_dlopen=no
ac_cv_func_gethostbyname=yes
ac_cv_func_getpagesize=yes
ac_cv_func_memset=yes
ac_cv_func_mmap_fixed_mapped=no
ac_cv_func_remove=yes
ac_cv_func_setenv=yes
ac_cv_func_shl_load=no
ac_cv_func_shmat=yes
ac_cv_have_x='have_x=yes	ac_x_includes='\'''\''	ac_x_libraries='\'''\'''
ac_cv_header_X11_extensions_XShm_h=yes
ac_cv_header_X11_extensions_Xvlib_h=no
ac_cv_header_dlfcn_h=yes
ac_cv_header_fcntl_h=yes
ac_cv_header_features_h=yes
ac_cv_header_inttypes_h=yes
ac_cv_header_jerror_h=yes
ac_cv_header_jpeglib_h=yes
ac_cv_header_linux_videodev2_h=yes
ac_cv_header_linux_videodev_h=yes
ac_cv_header_memory_h=yes
ac_cv_header_poll_h=yes
ac_cv_header_pthread_h=yes
ac_cv_header_stdc=yes
ac_cv_header_stdint_h=yes
ac_cv_header_stdlib_h=yes
ac_cv_header_string_h=yes
ac_cv_header_strings_h=yes
ac_cv_header_sys_ioctl_h=yes
ac_cv_header_sys_ipc_h=yes
ac_cv_header_sys_mman_h=yes
ac_cv_header_sys_shm_h=yes
ac_cv_header_sys_stat_h=yes
ac_cv_header_sys_time_h=yes
ac_cv_header_sys_times_h=yes
ac_cv_header_sys_types_h=yes
ac_cv_header_unistd_h=yes
ac_cv_header_wand_MagickWand_h=yes
ac_cv_host=arm-unknown-linux-gnu
ac_cv_lib_ICE_IceConnectionNumber=yes
ac_cv_lib_Xext_XShmQueryVersion=yes
ac_cv_lib_dl_dlopen=yes
ac_cv_lib_dld_shl_load=no
ac_cv_lib_jpeg_jpeg_read_header=yes
ac_cv_lib_pthread_pthread_create=yes
ac_cv_objext=o
ac_cv_path_EGREP='/bin/grep -E'
ac_cv_path_FGREP='/bin/grep -F'
ac_cv_path_GREP=/bin/grep
ac_cv_path_PYTHON=/usr/bin/python
ac_cv_path_SED=/bin/sed
ac_cv_path_ac_pt_PKG_CONFIG=/usr/bin/pkg-config
ac_cv_path_install='/usr/bin/install -c'
ac_cv_path_mkdir=/bin/mkdir
ac_cv_prog_AWK=mawk
ac_cv_prog_CC=gcc
ac_cv_prog_CPP='gcc -E'
ac_cv_prog_CXXCPP='g++ -E'
ac_cv_prog_PYGTK_CODEGEN=pygtk-codegen-2.0
ac_cv_prog_STRIP=strip
ac_cv_prog_ac_ct_AR=ar
ac_cv_prog_ac_ct_CC=gcc
ac_cv_prog_ac_ct_CXX=g++
ac_cv_prog_ac_ct_OBJDUMP=objdump
ac_cv_prog_ac_ct_RANLIB=ranlib
ac_cv_prog_ac_ct_STRIP=strip
ac_cv_prog_cc_c89=
ac_cv_prog_cc_g=yes
ac_cv_prog_cc_gcc_c_o=yes
ac_cv_prog_cxx_g=yes
ac_cv_prog_make_make_set=yes
ac_cv_search_clock_gettime='none required'
ac_cv_type_uintptr_t=yes
acl_cv_hardcode_direct=no
acl_cv_hardcode_libdir_flag_spec='${wl}-rpath ${wl}$libdir'
acl_cv_hardcode_libdir_separator=
acl_cv_hardcode_minus_L=no
acl_cv_libext=a
acl_cv_libname_spec='lib$name'
acl_cv_library_names_spec='$libname$shrext'
acl_cv_path_LD=/usr/bin/ld
acl_cv_prog_gnu_ld=yes
acl_cv_rpath=done
acl_cv_shlibext=so
acl_cv_wl=-Wl,
am_cv_CC_dependencies_compiler_type=gcc3
am_cv_CXX_dependencies_compiler_type=gcc3
am_cv_func_iconv=yes
am_cv_func_iconv_works='guessing yes'
am_cv_lib_iconv=no
am_cv_pathless_PYTHON=python
am_cv_proto_iconv='extern size_t iconv (iconv_t cd, char * *inbuf, size_t *inbytesleft, char * *outbuf, size_t *outbytesleft);'
am_cv_proto_iconv_arg1=
am_cv_python_platform=linux2
am_cv_python_pyexecdir='${exec_prefix}/lib/python2.7/site-packages'
am_cv_python_pythondir='${prefix}/lib/python2.7/site-packages'
am_cv_python_version=2.7
lt_cv_deplibs_check_method=pass_all
lt_cv_dlopen=dlopen
lt_cv_dlopen_libs=-ldl
lt_cv_dlopen_self=cross
lt_cv_file_magic_cmd='$MAGIC_CMD'
lt_cv_file_magic_test_file=
lt_cv_ld_reload_flag=-r
lt_cv_nm_interface='BSD nm'
lt_cv_objdir=.libs
lt_cv_path_LD=/usr/bin/ld
lt_cv_path_LDCXX=/usr/bin/ld
lt_cv_path_NM=nm
lt_cv_prog_compiler_c_o=yes
lt_cv_prog_compiler_c_o_CXX=yes
lt_cv_prog_compiler_c_o_RC=yes
lt_cv_prog_compiler_pic_works=yes
lt_cv_prog_compiler_pic_works_CXX=yes
lt_cv_prog_compiler_rtti_exceptions=no
lt_cv_prog_compiler_static_works=yes
lt_cv_prog_compiler_static_works_CXX=yes
lt_cv_prog_gnu_ld=yes
lt_cv_prog_gnu_ldcxx=yes
lt_cv_sys_global_symbol_pipe='sed -n -e '\''s/^.*[	 ]\([ABCDGIRSTW][ABCDGIRSTW]*\)[	 ][	 ]*\([_A-Za-z][_A-Za-z0-9]*\)$/\1 \2 \2/p'\'''
lt_cv_sys_global_symbol_to_c_name_address='sed -n -e '\''s/^: \([^ ]*\) $/  {\"\1\", (void *) 0},/p'\'' -e '\''s/^[ABCDGIRSTW]* \([^ ]*\) \([^ ]*\)$/  {"\2", (void *) \&\2},/p'\'''
lt_cv_sys_global_symbol_to_c_name_address_lib_prefix='sed -n -e '\''s/^: \([^ ]*\) $/  {\"\1\", (void *) 0},/p'\'' -e '\''s/^[ABCDGIRSTW]* \([^ ]*\) \(lib[^ ]*\)$/  {"\2", (void *) \&\2},/p'\'' -e '\''s/^[ABCDGIRSTW]* \([^ ]*\) \([^ ]*\)$/  {"lib\2", (void *) \&\2},/p'\'''
lt_cv_sys_global_symbol_to_cdecl='sed -n -e '\''s/^T .* \(.*\)$/extern int \1();/p'\'' -e '\''s/^[ABCDGIRSTW]* .* \(.*\)$/extern char \1;/p'\'''
lt_cv_sys_max_cmd_len=1572864
pkg_cv_GTK_CFLAGS='-pthread -I/usr/include/gtk-2.0 -I/usr/lib/aarch64-linux-gnu/gtk-2.0/include -I/usr/include/gio-unix-2.0/ -I/usr/include/cairo -I/usr/include/pango-1.0 -I/usr/include/atk-1.0 -I/usr/include/cairo -I/usr/include/pixman-1 -I/usr/include/libpng12 -I/usr/include/gdk-pixbuf-2.0 -I/usr/include/libpng12 -I/usr/include/pango-1.0 -I/usr/include/harfbuzz -I/usr/include/pango-1.0 -I/usr/include/freetype2 -I/usr/include/glib-2.0 -I/usr/lib/aarch64-linux-gnu/glib-2.0/include'
pkg_cv_GTK_LIBS='-lgtk-x11-2.0 -lgdk-x11-2.0 -lpangocairo-1.0 -latk-1.0 -lcairo -lgdk_pixbuf-2.0 -lgio-2.0 -lpangoft2-1.0 -lpango-1.0 -lgobject-2.0 -lfontconfig -lfreetype -lgthread-2.0 -pthread -lglib-2.0'
pkg_cv_MAGICK_CFLAGS='-fopenmp -DMAGICKCORE_HDRI_ENABLE=0 -DMAGICKCORE_QUANTUM_DEPTH=16 -fopenmp -DMAGICKCORE_HDRI_ENABLE=0 -DMAGICKCORE_QUANTUM_DEPTH=16 -I/usr/include/aarch64-linux-gnu//ImageMagick-6 -I/usr/include/ImageMagick-6 -I/usr/include/aarch64-linux-gnu//ImageMagick-6 -I/usr/include/ImageMagick-6'
pkg_cv_MAGICK_LIBS='-lMagickWand-6.Q16 -lMagickCore-6.Q16'
pkg_cv_PYGTK_CFLAGS='-pthread -I/usr/include/gtk-2.0 -I/usr/lib/aarch64-linux-gnu/gtk-2.0/include -I/usr/include/gio-unix-2.0/ -I/usr/include/cairo -I/usr/include/pango-1.0 -I/usr/include/atk-1.0 -I/usr/include/cairo -I/usr/include/pixman-1 -I/usr/include/libpng12 -I/usr/include/gdk-pixbuf-2.0 -I/usr/include/libpng12 -I/usr/include/pango-1.0 -I/usr/include/harfbuzz -I/usr/include/pango-1.0 -I/usr/include/glib-2.0 -I/usr/lib/aarch64-linux-gnu/glib-2.0/include -I/usr/include/freetype2 -I/usr/include/pygtk-2.0'
pkg_cv_PYGTK_LIBS='-lgtk-x11-2.0 -lgdk-x11-2.0 -lpangocairo-1.0 -latk-1.0 -lcairo -lgdk_pixbuf-2.0 -lgio-2.0 -lpangoft2-1.0 -lpango-1.0 -lgobject-2.0 -lglib-2.0 -lfontconfig -lfreetype'
pkg_cv_QT_CFLAGS='-DQT_SHARED -I/usr/include/qt4 -I/usr/include/qt4/QtGui -I/usr/include/qt4 -I/usr/include/qt4/QtCore'
pkg_cv_QT_LIBS='-lQtGui -lQtCore'

## ----------------- ##
## Output variables. ##
## ----------------- ##

ACLOCAL='${SHELL} /home/firefly/Work/zbar-0.10/config/missing --run aclocal-1.10'
AMDEPBACKSLASH='\'
AMDEP_FALSE='#'
AMDEP_TRUE=''
AMTAR='${SHELL} /home/firefly/Work/zbar-0.10/config/missing --run tar'
AR='ar'
AS='as'
AUTOCONF='${SHELL} /home/firefly/Work/zbar-0.10/config/missing --run autoconf'
AUTOHEADER='${SHELL} /home/firefly/Work/zbar-0.10/config/missing --run autoheader'
AUTOMAKE='${SHELL} /home/firefly/Work/zbar-0.10/config/missing --run automake-1.10'
AWK='mawk'
CC='gcc'
CCDEPMODE='depmode=gcc3'
CFLAGS=''
CPP='gcc -E'
CPPFLAGS=''
CXX='g++'
CXXCPP='g++ -E'
CXXDEPMODE='depmode=gcc3'
CXXFLAGS='-g -O2'
CYGPATH_W='echo'
DEFS='-DHAVE_CONFIG_H'
DEPDIR='.deps'
DLLTOOL='dlltool'
DSYMUTIL=''
DUMPBIN=''
ECHO_C=''
ECHO_N='-n'
ECHO_T=''
EGREP='/bin/grep -E'
ENABLE_CODE128_FALSE='#'
ENABLE_CODE128_TRUE=''
ENABLE_CODE39_FALSE='#'
ENABLE_CODE39_TRUE=''
ENABLE_EAN_FALSE='#'
ENABLE_EAN_TRUE=''
ENABLE_I25_FALSE='#'
ENABLE_I25_TRUE=''
ENABLE_PDF417_FALSE=''
ENABLE_PDF417_TRUE='#'
ENABLE_QRCODE_FALSE='#'
ENABLE_QRCODE_TRUE=''
EXEEXT=''
FGREP='/bin/grep -F'
GLIB_GENMARSHAL='glib-genmarshal'
GREP='/bin/grep'
GTK_CFLAGS='-pthread -I/usr/include/gtk-2.0 -I/usr/lib/aarch64-linux-gnu/gtk-2.0/include -I/usr/include/gio-unix-2.0/ -I/usr/include/cairo -I/usr/include/pango-1.0 -I/usr/include/atk-1.0 -I/usr/include/cairo -I/usr/include/pixman-1 -I/usr/include/libpng12 -I/usr/include/gdk-pixbuf-2.0 -I/usr/include/libpng12 -I/usr/include/pango-1.0 -I/usr/include/harfbuzz -I/usr/include/pango-1.0 -I/usr/include/freetype2 -I/usr/include/glib-2.0 -I/usr/lib/aarch64-linux-gnu/glib-2.0/include'
GTK_LIBS='-lgtk-x11-2.0 -lgdk-x11-2.0 -lpangocairo-1.0 -latk-1.0 -lcairo -lgdk_pixbuf-2.0 -lgio-2.0 -lpangoft2-1.0 -lpango-1.0 -lgobject-2.0 -lfontconfig -lfreetype -lgthread-2.0 -pthread -lglib-2.0'
HAVE_GTK_FALSE='#'
HAVE_GTK_TRUE=''
HAVE_JPEG_FALSE='#'
HAVE_JPEG_TRUE=''
HAVE_MAGICK_FALSE='#'
HAVE_MAGICK_TRUE=''
HAVE_NPAPI_FALSE=''
HAVE_NPAPI_TRUE='#'
HAVE_POLL_FALSE='#'
HAVE_POLL_TRUE=''
HAVE_PYTHON_FALSE='#'
HAVE_PYTHON_TRUE=''
HAVE_QT_FALSE='#'
HAVE_QT_TRUE=''
HAVE_V4L1_FALSE='#'
HAVE_V4L1_TRUE=''
HAVE_V4L2_FALSE='#'
HAVE_V4L2_TRUE=''
HAVE_VIDEO_FALSE='#'
HAVE_VIDEO_TRUE=''
HAVE_XSHM_FALSE='#'
HAVE_XSHM_TRUE=''
HAVE_XV_FALSE=''
HAVE_XV_TRUE='#'
HAVE_X_FALSE='#'
HAVE_X_TRUE=''
INSTALL_DATA='${INSTALL} -m 644'
INSTALL_PROGRAM='${INSTALL}'
INSTALL_SCRIPT='${INSTALL}'
INSTALL_STRIP_PROGRAM='$(install_sh) -c -s'
LD='/usr/bin/ld'
LDFLAGS=''
LIBICONV=''
LIBOBJS=''
LIBS='-ljpeg -lpthread '
LIBTOOL='$(SHELL) $(top_builddir)/libtool'
LIB_VERSION='2:0:2'
LIPO=''
LN_S='ln -s'
LTLIBICONV=''
LTLIBOBJS=''
MAGICK_CFLAGS='-fopenmp -DMAGICKCORE_HDRI_ENABLE=0 -DMAGICKCORE_QUANTUM_DEPTH=16 -fopenmp -DMAGICKCORE_HDRI_ENABLE=0 -DMAGICKCORE_QUANTUM_DEPTH=16 -I/usr/include/aarch64-linux-gnu//ImageMagick-6 -I/usr/include/ImageMagick-6 -I/usr/include/aarch64-linux-gnu//ImageMagick-6 -I/usr/include/ImageMagick-6'
MAGICK_LIBS='-lMagickWand-6.Q16 -lMagickCore-6.Q16'
MAKEINFO='${SHELL} /home/firefly/Work/zbar-0.10/config/missing --run makeinfo'
MKDIR_P='/bin/mkdir -p'
MOC='/usr/lib/aarch64-linux-gnu/qt4/bin/moc'
NM='nm'
NMEDIT=''
NPAPI_CFLAGS=''
NPAPI_LIBS=''
OBJDUMP='objdump'
OBJEXT='o'
OTOOL64=''
OTOOL=''
PACKAGE='zbar'
PACKAGE_BUGREPORT='spadix@users.sourceforge.net'
PACKAGE_NAME='zbar'
PACKAGE_STRING='zbar 0.10'
PACKAGE_TARNAME='zbar'
PACKAGE_VERSION='0.10'
PATH_SEPARATOR=':'
PKG_CONFIG='/usr/bin/pkg-config'
PYGTK_CFLAGS='-pthread -I/usr/include/gtk-2.0 -I/usr/lib/aarch64-linux-gnu/gtk-2.0/include -I/usr/include/gio-unix-2.0/ -I/usr/include/cairo -I/usr/include/pango-1.0 -I/usr/include/atk-1.0 -I/usr/include/cairo -I/usr/include/pixman-1 -I/usr/include/libpng12 -I/usr/include/gdk-pixbuf-2.0 -I/usr/include/libpng12 -I/usr/include/pango-1.0 -I/usr/include/harfbuzz -I/usr/include/pango-1.0 -I/usr/include/glib-2.0 -I/usr/lib/aarch64-linux-gnu/glib-2.0/include -I/usr/include/freetype2 -I/usr/include/pygtk-2.0'
PYGTK_CODEGEN='pygtk-codegen-2.0'
PYGTK_DEFS='/usr/share/pygtk/2.0/defs'
PYGTK_H2DEF='/usr/share/pygobject/2.0/codegen/h2def.py'
PYGTK_LIBS='-lgtk-x11-2.0 -lgdk-x11-2.0 -lpangocairo-1.0 -latk-1.0 -lcairo -lgdk_pixbuf-2.0 -lgio-2.0 -lpangoft2-1.0 -lpango-1.0 -lgobject-2.0 -lglib-2.0 -lfontconfig -lfreetype'
PYTHON='/usr/bin/python'
PYTHON_CFLAGS='-I/usr/include/python2.7 -I/usr/include/aarch64-linux-gnu/python2.7  -fno-strict-aliasing -Wdate-time -D_FORTIFY_SOURCE=2 -g -fstack-protector-strong -Wformat -Werror=format-security  -DNDEBUG -g -fwrapv -O2 -Wall -Wstrict-prototypes'
PYTHON_CONFIG=''
PYTHON_EXEC_PREFIX='${exec_prefix}'
PYTHON_LIBS=''
PYTHON_PLATFORM='linux2'
PYTHON_PREFIX='${prefix}'
PYTHON_VERSION='2.7'
QT_CFLAGS='-DQT_SHARED -I/usr/include/qt4 -I/usr/include/qt4/QtGui -I/usr/include/qt4 -I/usr/include/qt4/QtCore'
QT_LIBS='-lQtGui -lQtCore'
RANLIB='ranlib'
RC=''
RELDATE='2009-10-23'
SED='/bin/sed'
SET_MAKE=''
SHELL='/bin/bash'
STRIP='strip'
VERSION='0.10'
WIN32_FALSE=''
WIN32_TRUE='#'
XMKMF=''
XMLTO=':'
XMLTOFLAGS=''
XSHM_LIBS='-lXext'
XV_LIBS='-lXv'
X_CFLAGS=''
X_EXTRA_LIBS=''
X_LIBS=''
X_PRE_LIBS=' -lSM -lICE'
ZGTK_LIB_VERSION='0:2:0'
ZQT_LIB_VERSION='0:2:0'
ac_ct_CC='gcc'
ac_ct_CXX='g++'
ac_ct_DUMPBIN=''
am__fastdepCC_FALSE='#'
am__fastdepCC_TRUE=''
am__fastdepCXX_FALSE='#'
am__fastdepCXX_TRUE=''
am__include='include'
am__isrc=''
am__leading_dot='.'
am__quote=''
am__tar='${AMTAR} chof - "$$tardir"'
am__untar='${AMTAR} xf -'
bindir='${exec_prefix}/bin'
build='arm-unknown-none'
build_alias='arm'
build_cpu='arm'
build_os='none'
build_vendor='unknown'
datadir='${datarootdir}'
datarootdir='${prefix}/share'
docdir='${datarootdir}/doc/${PACKAGE_TARNAME}'
dvidir='${docdir}'
exec_prefix='${prefix}'
host='arm-unknown-linux-gnu'
host_alias='arm-linux'
host_cpu='arm'
host_os='linux-gnu'
host_vendor='unknown'
htmldir='${docdir}'
includedir='${prefix}/include'
infodir='${datarootdir}/info'
install_sh='$(SHELL) /home/firefly/Work/zbar-0.10/config/install-sh'
libdir='${exec_prefix}/lib'
libexecdir='${exec_prefix}/libexec'
localedir='${datarootdir}/locale'
localstatedir='${prefix}/var'
lt_ECHO='echo'
mandir='${datarootdir}/man'
mkdir_p='/bin/mkdir -p'
oldincludedir='/usr/include'
pdfdir='${docdir}'
pkgpyexecdir='${pyexecdir}/zbar'
pkgpythondir='${pythondir}/zbar'
prefix='/home/firefly/mylibs'
program_transform_name='s,x,x,'
psdir='${docdir}'
pyexecdir='${exec_prefix}/lib/python2.7/site-packages'
pythondir='${prefix}/lib/python2.7/site-packages'
sbindir='${exec_prefix}/sbin'
sharedstatedir='${prefix}/com'
sysconfdir='${prefix}/etc'
target_alias=''

## ----------- ##
## confdefs.h. ##
## ----------- ##

#define PACKAGE_NAME "zbar"
#define PACKAGE_TARNAME "zbar"
#define PACKAGE_VERSION "0.10"
#define PACKAGE_STRING "zbar 0.10"
#define PACKAGE_BUGREPORT "spadix@users.sourceforge.net"
#define PACKAGE "zbar"
#define VERSION "0.10"
#define STDC_HEADERS 1
#define HAVE_SYS_TYPES_H 1
#define HAVE_SYS_STAT_H 1
#define HAVE_STDLIB_H 1
#define HAVE_STRING_H 1
#define HAVE_MEMORY_H 1
#define HAVE_STRINGS_H 1
#define HAVE_INTTYPES_H 1
#define HAVE_STDINT_H 1
#define HAVE_UNISTD_H 1
#define HAVE_DLFCN_H 1
#define LT_OBJDIR ".libs/"
#define ZBAR_VERSION_MAJOR 0
#define ZBAR_VERSION_MINOR 10
#define LIB_VERSION_MAJOR 0
#define LIB_VERSION_MINOR 2
#define LIB_VERSION_REVISION 0
#define ENABLE_EAN 1
#define ENABLE_CODE128 1
#define ENABLE_CODE39 1
#define ENABLE_I25 1
#define ENABLE_QRCODE 1
#define HAVE_ICONV 1
#define ICONV_CONST 
#define HAVE_POLL_H 1
#define HAVE_PTHREAD_H 1
#define HAVE_LIBPTHREAD 1
#define __USE_UNIX98 1
#define HAVE_LINUX_VIDEODEV_H 1
#define HAVE_LINUX_VIDEODEV2_H 1
#define HAVE_X11_EXTENSIONS_XSHM_H 1
#define HAVE_JPEGLIB_H 1
#define HAVE_LIBJPEG 1
#define HAVE_FCNTL_H 1
#define HAVE_FEATURES_H 1
#define HAVE_INTTYPES_H 1
#define HAVE_STDLIB_H 1
#define HAVE_STRING_H 1
#define HAVE_UNISTD_H 1
#define HAVE_SYS_IOCTL_H 1
#define HAVE_SYS_TIME_H 1
#define HAVE_SYS_TIMES_H 1
#define HAVE_SYS_IPC_H 1
#define HAVE_SYS_SHM_H 1
#define HAVE_SYS_MMAN_H 1
#define HAVE_UINTPTR_T 1
#define HAVE_STDLIB_H 1
#define HAVE_UNISTD_H 1
#define HAVE_GETPAGESIZE 1
#define HAVE_MEMSET 1
#define HAVE_ATEXIT 1
#define HAVE_SETENV 1

configure: exit 0
